<?xml version="1.0" encoding="UTF-8"?>
<!-- Generated by org.testng.reporters.JUnitXMLReporter -->
<testsuite ignored="0" hostname="DESKTOP-C4DMSED" failures="0" tests="3" name="Default test" time="125.686" errors="0" timestamp="05 Dec 2022 19:56:11 GMT">
  <testcase classname="eduTestNG.DataProviders" name="verifyLogin" time="82.89"/>
  <testcase classname="eduTestNG.DataProviders" name="verifyLogin" time="21.799"/>
  <testcase classname="eduTestNG.DataProviders" name="verifyLogin" time="20.921"/>
</testsuite> <!-- Default test -->
