<?xml version="1.0" encoding="UTF-8"?>
<testng-results ignored="0" total="2" passed="2" failed="0" skipped="0">
  <reporter-output>
  </reporter-output>
  <suite started-at="2023-03-24T23:04:28Z" name="All Suite Test" finished-at="2023-03-24T23:05:27Z" duration-ms="58905">
    <groups>
    </groups>
    <test started-at="2023-03-24T23:04:28Z" name="ParameterTest" finished-at="2023-03-24T23:05:27Z" duration-ms="58905">
      <class name="eduTestNG.ParameterizationUsingXML">
        <test-method is-config="true" signature="setUp(java.lang.String, java.lang.String)[pri:0, instance:eduTestNG.ParameterizationUsingXML@793be5ca]" started-at="2023-03-24T16:04:28Z" name="setUp" finished-at="2023-03-24T16:05:24Z" duration-ms="56686" status="PASS">
          <params>
            <param index="0">
              <value>
                <![CDATA[chrome]]>
              </value>
            </param>
            <param index="1">
              <value>
                <![CDATA[https://mail.rediff.com/cgi-bin/login.cgi]]>
              </value>
            </param>
          </params>
          <reporter-output>
          </reporter-output>
        </test-method> <!-- setUp -->
        <test-method signature="checkBoxTest()[pri:0, instance:eduTestNG.ParameterizationUsingXML@793be5ca]" started-at="2023-03-24T16:05:24Z" name="checkBoxTest" finished-at="2023-03-24T16:05:25Z" duration-ms="896" status="PASS">
          <reporter-output>
          </reporter-output>
        </test-method> <!-- checkBoxTest -->
        <test-method signature="homePageTitle()[pri:0, instance:eduTestNG.ParameterizationUsingXML@793be5ca]" started-at="2023-03-24T16:05:25Z" name="homePageTitle" finished-at="2023-03-24T16:05:25Z" duration-ms="32" status="PASS">
          <reporter-output>
          </reporter-output>
        </test-method> <!-- homePageTitle -->
        <test-method is-config="true" signature="tearDown()[pri:0, instance:eduTestNG.ParameterizationUsingXML@793be5ca]" started-at="2023-03-24T16:05:25Z" name="tearDown" finished-at="2023-03-24T16:05:27Z" duration-ms="1235" status="PASS">
          <reporter-output>
          </reporter-output>
        </test-method> <!-- tearDown -->
      </class> <!-- eduTestNG.ParameterizationUsingXML -->
    </test> <!-- ParameterTest -->
  </suite> <!-- All Suite Test -->
</testng-results>
