<?xml version="1.0" encoding="UTF-8"?>
<!-- Generated by org.testng.reporters.JUnitReportReporter -->
<testsuite hostname="DESKTOP-C4DMSED" failures="0" tests="3" name="eduTestNG.DataProviders" time="125.610" errors="0" timestamp="05 Dec 2022 19:56:11 GMT" skipped="0">
  <testcase classname="eduTestNG.DataProviders" name="verifyLogin" time="82.890"/>
  <testcase classname="eduTestNG.DataProviders" name="verifyLogin" time="20.921"/>
  <testcase classname="eduTestNG.DataProviders" name="verifyLogin" time="21.799"/>
</testsuite> <!-- eduTestNG.DataProviders -->
